<?xml version="1.0" encoding="UTF-8"?>
<!-- Generated by org.testng.reporters.JUnitReportReporter -->
<testsuite hostname="DESKTOP-QRQRH7B" failures="0" tests="1" name="Academy.ValidateTitle" time="0.232" errors="0" timestamp="2021-09-15T19:53:48 SAST" skipped="0">
  <testcase classname="Academy.ValidateTitle" name="baseTestNavigation" time="0.232"/>
  <system-out/>
</testsuite> <!-- Academy.ValidateTitle -->
