<?xml version="1.0" encoding="UTF-8"?>
<!-- Generated by org.testng.reporters.JUnitReportReporter -->
<testsuite hostname="DESKTOP-QRQRH7B" failures="0" tests="1" name="Academy.ValidateNavigation" time="0.687" errors="0" timestamp="2021-06-26T21:09:02 SAST" skipped="0">
  <testcase classname="Academy.ValidateNavigation" name="baseTestNavigation" time="0.687"/>
  <system-out/>
</testsuite> <!-- Academy.ValidateNavigation -->
